<testsuite failures="2" name="examples/users/users.feature" skipped="0" tests="6" time="3.460205">
  <testcase classname="examples.users.users" name="get all users and then get the first user by id" time="0.730346">
    <system-out>* url 'https://jsonplaceholder.typicode.com' .............................. passed
Given path 'users' ........................................................ passed
When method get ........................................................... passed
Then status 200 ........................................................... passed
* def first = response[0] ................................................. passed
Given path 'users', first.id .............................................. passed
When method get ........................................................... passed
Then status 200 ........................................................... passed</system-out>
  </testcase>
  <testcase classname="examples.users.users" name="create a user and then get it by id" time="0.548199">
    <system-out>* url 'https://jsonplaceholder.typicode.com' .............................. passed
Given path 'users' ........................................................ passed
When method get ........................................................... passed
Then status 200 ........................................................... passed
* def first = response[0] ................................................. passed
Given path 'users', first.id .............................................. passed
When method get ........................................................... passed
Then status 200 ........................................................... passed
* url 'https://jsonplaceholder.typicode.com' .............................. passed
* def user = .............................................................. passed
Given url 'https://jsonplaceholder.typicode.com/users' .................... passed
And request user .......................................................... passed
When method post .......................................................... passed
Then status 201 ........................................................... passed
* def id = response.id .................................................... passed
* print 'created id is: ', id ............................................. passed</system-out>
  </testcase>
  <testcase classname="examples.users.users" name="User should get a specific user information based on provided id" time="0.317406">
    <system-out>* url 'https://jsonplaceholder.typicode.com' .............................. passed
Given path 'users' ........................................................ passed
When method get ........................................................... passed
Then status 200 ........................................................... passed
* def first = response[0] ................................................. passed
Given path 'users', first.id .............................................. passed
When method get ........................................................... passed
Then status 200 ........................................................... passed
* url 'https://jsonplaceholder.typicode.com' .............................. passed
* def user = .............................................................. passed
Given url 'https://jsonplaceholder.typicode.com/users' .................... passed
And request user .......................................................... passed
When method post .......................................................... passed
Then status 201 ........................................................... passed
* def id = response.id .................................................... passed
* print 'created id is: ', id ............................................. passed
* url 'https://jsonplaceholder.typicode.com' .............................. passed
Given url 'https://jsonplaceholder.typicode.com/users' .................... passed
And path 10 ............................................................... passed
When method get ........................................................... passed
Then status 200 ........................................................... passed
And match response contains {"name": "Clementina DuBuque"} ................ passed</system-out>
  </testcase>
  <testcase classname="examples.users.users" name="User can update data using PUT request" time="0.672177">
    <failure message="users.feature:68 - path: $.title, actual: 'updating Resource using PUT', expected: 'updated Resource', reason: not equal">* url 'https://jsonplaceholder.typicode.com' .............................. passed
Given path 'users' ........................................................ passed
When method get ........................................................... passed
Then status 200 ........................................................... passed
* def first = response[0] ................................................. passed
Given path 'users', first.id .............................................. passed
When method get ........................................................... passed
Then status 200 ........................................................... passed
* url 'https://jsonplaceholder.typicode.com' .............................. passed
* def user = .............................................................. passed
Given url 'https://jsonplaceholder.typicode.com/users' .................... passed
And request user .......................................................... passed
When method post .......................................................... passed
Then status 201 ........................................................... passed
* def id = response.id .................................................... passed
* print 'created id is: ', id ............................................. passed
* url 'https://jsonplaceholder.typicode.com' .............................. passed
Given url 'https://jsonplaceholder.typicode.com/users' .................... passed
And path 10 ............................................................... passed
When method get ........................................................... passed
Then status 200 ........................................................... passed
And match response contains {"name": "Clementina DuBuque"} ................ passed
* url 'https://jsonplaceholder.typicode.com' .............................. passed
Given url 'https://jsonplaceholder.typicode.com/posts' .................... passed
* def user  = ............................................................. passed
Given path 1 .............................................................. passed
And request user .......................................................... passed
When method PUT ........................................................... passed
Then status 200 ........................................................... passed
And print response ........................................................ passed
And match response contains {"id": 1, "title": "updated Resource"} ........ failed

Stack Trace:
com.intuit.karate.exception.KarateException: users.feature:68 - path: $.title, actual: 'updating Resource using PUT', expected: 'updated Resource', reason: not equal&#13;
	at ✽.And match response contains {"id": 1, "title": "updated Resource"} (users.feature:68)</failure>
  </testcase>
  <testcase classname="examples.users.users" name="User can update data using PATCH request" time="0.594458">
    <failure message="users.feature:85 - path: $.title, actual: 'updating Resource using patch', expected: 'updated Resource using patch', reason: not equal">* url 'https://jsonplaceholder.typicode.com' .............................. passed
Given path 'users' ........................................................ passed
When method get ........................................................... passed
Then status 200 ........................................................... passed
* def first = response[0] ................................................. passed
Given path 'users', first.id .............................................. passed
When method get ........................................................... passed
Then status 200 ........................................................... passed
* url 'https://jsonplaceholder.typicode.com' .............................. passed
* def user = .............................................................. passed
Given url 'https://jsonplaceholder.typicode.com/users' .................... passed
And request user .......................................................... passed
When method post .......................................................... passed
Then status 201 ........................................................... passed
* def id = response.id .................................................... passed
* print 'created id is: ', id ............................................. passed
* url 'https://jsonplaceholder.typicode.com' .............................. passed
Given url 'https://jsonplaceholder.typicode.com/users' .................... passed
And path 10 ............................................................... passed
When method get ........................................................... passed
Then status 200 ........................................................... passed
And match response contains {"name": "Clementina DuBuque"} ................ passed
* url 'https://jsonplaceholder.typicode.com' .............................. passed
Given url 'https://jsonplaceholder.typicode.com/posts' .................... passed
* def user  = ............................................................. passed
Given path 1 .............................................................. passed
And request user .......................................................... passed
When method PUT ........................................................... passed
Then status 200 ........................................................... passed
And print response ........................................................ passed
And match response contains {"id": 1, "title": "updated Resource"} ........ failed

Stack Trace:
com.intuit.karate.exception.KarateException: users.feature:68 - path: $.title, actual: 'updating Resource using PUT', expected: 'updated Resource', reason: not equal&#13;
	at ✽.And match response contains {"id": 1, "title": "updated Resource"} (users.feature:68)&#13;

* url 'https://jsonplaceholder.typicode.com' .............................. passed
Given url 'https://jsonplaceholder.typicode.com/posts' .................... passed
* def user  = ............................................................. passed
Given path 1 .............................................................. passed
And request user .......................................................... passed
When method PATCH ......................................................... passed
Then status 200 ........................................................... passed
And print response ........................................................ passed
And match response contains {"id": 1, "title": "updated Resource using patch"} . failed

Stack Trace:
com.intuit.karate.exception.KarateException: users.feature:85 - path: $.title, actual: 'updating Resource using patch', expected: 'updated Resource using patch', reason: not equal&#13;
	at ✽.And match response contains {"id": 1, "title": "updated Resource using patch"} (users.feature:85)</failure>
  </testcase>
  <testcase classname="examples.users.users" name="User can delete data using Delete request" time="0.597619">
    <system-out>* url 'https://jsonplaceholder.typicode.com' .............................. passed
Given path 'users' ........................................................ passed
When method get ........................................................... passed
Then status 200 ........................................................... passed
* def first = response[0] ................................................. passed
Given path 'users', first.id .............................................. passed
When method get ........................................................... passed
Then status 200 ........................................................... passed
* url 'https://jsonplaceholder.typicode.com' .............................. passed
* def user = .............................................................. passed
Given url 'https://jsonplaceholder.typicode.com/users' .................... passed
And request user .......................................................... passed
When method post .......................................................... passed
Then status 201 ........................................................... passed
* def id = response.id .................................................... passed
* print 'created id is: ', id ............................................. passed
* url 'https://jsonplaceholder.typicode.com' .............................. passed
Given url 'https://jsonplaceholder.typicode.com/users' .................... passed
And path 10 ............................................................... passed
When method get ........................................................... passed
Then status 200 ........................................................... passed
And match response contains {"name": "Clementina DuBuque"} ................ passed
* url 'https://jsonplaceholder.typicode.com' .............................. passed
Given url 'https://jsonplaceholder.typicode.com/posts' .................... passed
* def user  = ............................................................. passed
Given path 1 .............................................................. passed
And request user .......................................................... passed
When method PUT ........................................................... passed
Then status 200 ........................................................... passed
And print response ........................................................ passed
And match response contains {"id": 1, "title": "updated Resource"} ........ failed

Stack Trace:
com.intuit.karate.exception.KarateException: users.feature:68 - path: $.title, actual: 'updating Resource using PUT', expected: 'updated Resource', reason: not equal&#13;
	at ✽.And match response contains {"id": 1, "title": "updated Resource"} (users.feature:68)&#13;

* url 'https://jsonplaceholder.typicode.com' .............................. passed
Given url 'https://jsonplaceholder.typicode.com/posts' .................... passed
* def user  = ............................................................. passed
Given path 1 .............................................................. passed
And request user .......................................................... passed
When method PATCH ......................................................... passed
Then status 200 ........................................................... passed
And print response ........................................................ passed
And match response contains {"id": 1, "title": "updated Resource using patch"} . failed

Stack Trace:
com.intuit.karate.exception.KarateException: users.feature:85 - path: $.title, actual: 'updating Resource using patch', expected: 'updated Resource using patch', reason: not equal&#13;
	at ✽.And match response contains {"id": 1, "title": "updated Resource using patch"} (users.feature:85)&#13;

* url 'https://jsonplaceholder.typicode.com' .............................. passed
Given url 'https://jsonplaceholder.typicode.com/posts' .................... passed
Given path 1 .............................................................. passed
When method DELETE ........................................................ passed
Then status 200 ........................................................... passed</system-out>
  </testcase>
</testsuite>
