<testsuite failures="0" name="examples/users/employee.feature" skipped="0" tests="5" time="5.346102">
  <testcase classname="examples.users.employee" name="User should be able to get list of employees" time="0.033636">
    <system-out>* url baseURL ............................................................. passed
Given path "api/v1/employees" ............................................. passed
And method GET ............................................................ passed
And status 200 ............................................................ passed
And print response ........................................................ passed</system-out>
  </testcase>
  <testcase classname="examples.users.employee" name="User should be able to get details of specific employee" time="0.912352">
    <system-out>* url baseURL ............................................................. passed
Given path "api/v1/employees" ............................................. passed
And method GET ............................................................ passed
And status 200 ............................................................ passed
And print response ........................................................ passed
* url baseURL ............................................................. passed
Given path "api/v1/employee/"+"3" ......................................... passed
And method GET ............................................................ passed
And status 200 ............................................................ passed
And print response ........................................................ passed</system-out>
  </testcase>
  <testcase classname="examples.users.employee" name="User should be able to get details of specific employee" time="0.994912">
    <system-out>* url baseURL ............................................................. passed
Given path "api/v1/employees" ............................................. passed
And method GET ............................................................ passed
And status 200 ............................................................ passed
And print response ........................................................ passed
* url baseURL ............................................................. passed
Given path "api/v1/employee/"+"3" ......................................... passed
And method GET ............................................................ passed
And status 200 ............................................................ passed
And print response ........................................................ passed
* url baseURL ............................................................. passed
Given path "api/v1/employee/"+"4" ......................................... passed
And method GET ............................................................ passed
And status 200 ............................................................ passed
And print response ........................................................ passed</system-out>
  </testcase>
  <testcase classname="examples.users.employee" name="User should be able to create a new employee" time="1.713079">
    <system-out>* url baseURL ............................................................. passed
Given path "api/v1/employees" ............................................. passed
And method GET ............................................................ passed
And status 200 ............................................................ passed
And print response ........................................................ passed
* url baseURL ............................................................. passed
Given path "api/v1/employee/"+"3" ......................................... passed
And method GET ............................................................ passed
And status 200 ............................................................ passed
And print response ........................................................ passed
* url baseURL ............................................................. passed
Given path "api/v1/employee/"+"4" ......................................... passed
And method GET ............................................................ passed
And status 200 ............................................................ passed
And print response ........................................................ passed
* url baseURL ............................................................. passed
Given path "api/v1/create" ................................................ passed
And request {"name":"testSession","salary":"25000","age":"45"} ............ passed
And method POST ........................................................... passed
And status 200 ............................................................ passed
And print response.data.id ................................................ passed
And path "api/v1/employee/"+response.data.id .............................. passed
And method GET ............................................................ passed
And status 200 ............................................................ passed
And print response ........................................................ passed</system-out>
  </testcase>
  <testcase classname="examples.users.employee" name="User should be able to create a new employee" time="1.692123">
    <system-out>* url baseURL ............................................................. passed
Given path "api/v1/employees" ............................................. passed
And method GET ............................................................ passed
And status 200 ............................................................ passed
And print response ........................................................ passed
* url baseURL ............................................................. passed
Given path "api/v1/employee/"+"3" ......................................... passed
And method GET ............................................................ passed
And status 200 ............................................................ passed
And print response ........................................................ passed
* url baseURL ............................................................. passed
Given path "api/v1/employee/"+"4" ......................................... passed
And method GET ............................................................ passed
And status 200 ............................................................ passed
And print response ........................................................ passed
* url baseURL ............................................................. passed
Given path "api/v1/create" ................................................ passed
And request {"name":"testSession","salary":"25000","age":"45"} ............ passed
And method POST ........................................................... passed
And status 200 ............................................................ passed
And print response.data.id ................................................ passed
And path "api/v1/employee/"+response.data.id .............................. passed
And method GET ............................................................ passed
And status 200 ............................................................ passed
And print response ........................................................ passed
* url baseURL ............................................................. passed
Given path "api/v1/create" ................................................ passed
And request read ('classpath:testData/employee.json') ..................... passed
And method POST ........................................................... passed
And status 200 ............................................................ passed
And print response.data.id ................................................ passed
And path "api/v1/employee/"+response.data.id .............................. passed
And method GET ............................................................ passed
And status 200 ............................................................ passed
And print response ........................................................ passed</system-out>
  </testcase>
</testsuite>
