<testsuite failures="0" name="resources/features/users.feature" skipped="0" tests="6" time="3.612457">
  <testcase classname="resources.features.users" name="get all users and then get the first user by id" time="0.845503">
    <system-out>* url 'https://jsonplaceholder.typicode.com' .............................. passed
Given path 'users' ........................................................ passed
When method get ........................................................... passed
Then status 200 ........................................................... passed
* def first = response[0] ................................................. passed
Given path 'users', first.id .............................................. passed
When method get ........................................................... passed
Then status 200 ........................................................... passed</system-out>
  </testcase>
  <testcase classname="resources.features.users" name="create a user and then get it by id" time="0.593674">
    <system-out>* url 'https://jsonplaceholder.typicode.com' .............................. passed
Given path 'users' ........................................................ passed
When method get ........................................................... passed
Then status 200 ........................................................... passed
* def first = response[0] ................................................. passed
Given path 'users', first.id .............................................. passed
When method get ........................................................... passed
Then status 200 ........................................................... passed
* url 'https://jsonplaceholder.typicode.com' .............................. passed
* def user = .............................................................. passed
Given url 'https://jsonplaceholder.typicode.com/users' .................... passed
And request user .......................................................... passed
When method post .......................................................... passed
Then status 201 ........................................................... passed
* def id = response.id .................................................... passed
* print 'created id is: ', id ............................................. passed</system-out>
  </testcase>
  <testcase classname="resources.features.users" name="User should get a specific user information based on provided id" time="0.418514">
    <system-out>* url 'https://jsonplaceholder.typicode.com' .............................. passed
Given path 'users' ........................................................ passed
When method get ........................................................... passed
Then status 200 ........................................................... passed
* def first = response[0] ................................................. passed
Given path 'users', first.id .............................................. passed
When method get ........................................................... passed
Then status 200 ........................................................... passed
* url 'https://jsonplaceholder.typicode.com' .............................. passed
* def user = .............................................................. passed
Given url 'https://jsonplaceholder.typicode.com/users' .................... passed
And request user .......................................................... passed
When method post .......................................................... passed
Then status 201 ........................................................... passed
* def id = response.id .................................................... passed
* print 'created id is: ', id ............................................. passed
* url 'https://jsonplaceholder.typicode.com' .............................. passed
Given url 'https://jsonplaceholder.typicode.com/users' .................... passed
And path 10 ............................................................... passed
When method get ........................................................... passed
Then status 200 ........................................................... passed
And match response contains {"name": "Clementina DuBuque"} ................ passed</system-out>
  </testcase>
  <testcase classname="resources.features.users" name="User can update data using PUT request" time="0.590039">
    <system-out>* url 'https://jsonplaceholder.typicode.com' .............................. passed
Given path 'users' ........................................................ passed
When method get ........................................................... passed
Then status 200 ........................................................... passed
* def first = response[0] ................................................. passed
Given path 'users', first.id .............................................. passed
When method get ........................................................... passed
Then status 200 ........................................................... passed
* url 'https://jsonplaceholder.typicode.com' .............................. passed
* def user = .............................................................. passed
Given url 'https://jsonplaceholder.typicode.com/users' .................... passed
And request user .......................................................... passed
When method post .......................................................... passed
Then status 201 ........................................................... passed
* def id = response.id .................................................... passed
* print 'created id is: ', id ............................................. passed
* url 'https://jsonplaceholder.typicode.com' .............................. passed
Given url 'https://jsonplaceholder.typicode.com/users' .................... passed
And path 10 ............................................................... passed
When method get ........................................................... passed
Then status 200 ........................................................... passed
And match response contains {"name": "Clementina DuBuque"} ................ passed
* url 'https://jsonplaceholder.typicode.com' .............................. passed
Given url 'https://jsonplaceholder.typicode.com/posts' .................... passed
* def user  = ............................................................. passed
Given path 1 .............................................................. passed
And request user .......................................................... passed
When method PUT ........................................................... passed
Then status 200 ........................................................... passed
And print response ........................................................ passed
And match response contains {"id": 1, "title": "updating Resource using PUT"} . passed</system-out>
  </testcase>
  <testcase classname="resources.features.users" name="User can update data using PATCH request" time="0.583991">
    <system-out>* url 'https://jsonplaceholder.typicode.com' .............................. passed
Given path 'users' ........................................................ passed
When method get ........................................................... passed
Then status 200 ........................................................... passed
* def first = response[0] ................................................. passed
Given path 'users', first.id .............................................. passed
When method get ........................................................... passed
Then status 200 ........................................................... passed
* url 'https://jsonplaceholder.typicode.com' .............................. passed
* def user = .............................................................. passed
Given url 'https://jsonplaceholder.typicode.com/users' .................... passed
And request user .......................................................... passed
When method post .......................................................... passed
Then status 201 ........................................................... passed
* def id = response.id .................................................... passed
* print 'created id is: ', id ............................................. passed
* url 'https://jsonplaceholder.typicode.com' .............................. passed
Given url 'https://jsonplaceholder.typicode.com/users' .................... passed
And path 10 ............................................................... passed
When method get ........................................................... passed
Then status 200 ........................................................... passed
And match response contains {"name": "Clementina DuBuque"} ................ passed
* url 'https://jsonplaceholder.typicode.com' .............................. passed
Given url 'https://jsonplaceholder.typicode.com/posts' .................... passed
* def user  = ............................................................. passed
Given path 1 .............................................................. passed
And request user .......................................................... passed
When method PUT ........................................................... passed
Then status 200 ........................................................... passed
And print response ........................................................ passed
And match response contains {"id": 1, "title": "updating Resource using PUT"} . passed
* url 'https://jsonplaceholder.typicode.com' .............................. passed
Given url 'https://jsonplaceholder.typicode.com/posts' .................... passed
* def user  = ............................................................. passed
Given path 1 .............................................................. passed
And request user .......................................................... passed
When method PATCH ......................................................... passed
Then status 200 ........................................................... passed
And print response ........................................................ passed
And match response contains {"id": 1, "title": "updating Resource using patch"} . passed</system-out>
  </testcase>
  <testcase classname="resources.features.users" name="User can delete data using Delete request" time="0.580737">
    <system-out>* url 'https://jsonplaceholder.typicode.com' .............................. passed
Given path 'users' ........................................................ passed
When method get ........................................................... passed
Then status 200 ........................................................... passed
* def first = response[0] ................................................. passed
Given path 'users', first.id .............................................. passed
When method get ........................................................... passed
Then status 200 ........................................................... passed
* url 'https://jsonplaceholder.typicode.com' .............................. passed
* def user = .............................................................. passed
Given url 'https://jsonplaceholder.typicode.com/users' .................... passed
And request user .......................................................... passed
When method post .......................................................... passed
Then status 201 ........................................................... passed
* def id = response.id .................................................... passed
* print 'created id is: ', id ............................................. passed
* url 'https://jsonplaceholder.typicode.com' .............................. passed
Given url 'https://jsonplaceholder.typicode.com/users' .................... passed
And path 10 ............................................................... passed
When method get ........................................................... passed
Then status 200 ........................................................... passed
And match response contains {"name": "Clementina DuBuque"} ................ passed
* url 'https://jsonplaceholder.typicode.com' .............................. passed
Given url 'https://jsonplaceholder.typicode.com/posts' .................... passed
* def user  = ............................................................. passed
Given path 1 .............................................................. passed
And request user .......................................................... passed
When method PUT ........................................................... passed
Then status 200 ........................................................... passed
And print response ........................................................ passed
And match response contains {"id": 1, "title": "updating Resource using PUT"} . passed
* url 'https://jsonplaceholder.typicode.com' .............................. passed
Given url 'https://jsonplaceholder.typicode.com/posts' .................... passed
* def user  = ............................................................. passed
Given path 1 .............................................................. passed
And request user .......................................................... passed
When method PATCH ......................................................... passed
Then status 200 ........................................................... passed
And print response ........................................................ passed
And match response contains {"id": 1, "title": "updating Resource using patch"} . passed
* url 'https://jsonplaceholder.typicode.com' .............................. passed
Given url 'https://jsonplaceholder.typicode.com/posts' .................... passed
Given path 1 .............................................................. passed
When method DELETE ........................................................ passed
Then status 200 ........................................................... passed</system-out>
  </testcase>
</testsuite>
