<?xml version="1.0" encoding="UTF-8"?>
<testsuite xmlns:xsi="http://www.w3.org/2001/XMLSchema-instance" xsi:noNamespaceSchemaLocation="https://maven.apache.org/surefire/maven-surefire-plugin/xsd/surefire-test-report-3.0.xsd" version="3.0" name="resources.TestRunner" time="24.517" tests="13" errors="0" skipped="0" failures="0">
  <properties>
[...]
</properties>
  <testcase name="testAll[1][1]" classname="resources.TestRunner" time="1.437"/>
  <testcase name="testAll[1][2]" classname="resources.TestRunner" time="1.288"/>
  <testcase name="testAll[1][3]" classname="resources.TestRunner" time="0.89"/>
  <testcase name="testAll[1][4]" classname="resources.TestRunner" time="1.961"/>
  <testcase name="testAll[1][5]" classname="resources.TestRunner" time="1.88"/>
  <testcase name="testAll[2][1]" classname="resources.TestRunner" time="0.415"/>
  <testcase name="testAll[3][1]" classname="resources.TestRunner" time="1.267"/>
  <testcase name="testAll[3][2]" classname="resources.TestRunner" time="0.646"/>
  <testcase name="testAll[3][3]" classname="resources.TestRunner" time="0.481"/>
  <testcase name="testAll[3][4]" classname="resources.TestRunner" time="0.612"/>
  <testcase name="testAll[3][5]" classname="resources.TestRunner" time="0.628"/>
  <testcase name="testAll[3][6]" classname="resources.TestRunner" time="0.628"/>
  <testcase name="testruninParallel" classname="resources.TestRunner" time="11.466"/>
</testsuite>