<?xml version="1.0" encoding="UTF-8"?>
<testsuite xmlns:xsi="http://www.w3.org/2001/XMLSchema-instance" xsi:noNamespaceSchemaLocation="https://maven.apache.org/surefire/maven-surefire-plugin/xsd/surefire-test-report.xsd" name="examples.ExamplesTest" time="16.47" tests="8" errors="0" skipped="0" failures="4">
  <properties>
[...]
</properties>
  <testcase name="testAll[1][1]" classname="examples.ExamplesTest" time="3.673"/>
  <testcase name="testAll[1][2]" classname="examples.ExamplesTest" time="1.093">
    <failure message="employee.feature:17 - status code was: 400, expected: 200, response time: 1078, url: http://dummy.restapiexample.com/api/v1/employee/3, response: {&quot;message&quot;:&quot;Oops! someting issue found to fetch record.&quot;,&quot;status&quot;:&quot;failed&quot;}" type="org.opentest4j.AssertionFailedError">org.opentest4j.AssertionFailedError: employee.feature:17 - status code was: 400, expected: 200, response time: 1078, url: http://dummy.restapiexample.com/api/v1/employee/3, response: {"message":"Oops! someting issue found to fetch record.","status":"failed"}
</failure>
    <system-out><![CDATA[21:16:08.750 [main] INFO  com.intuit.karate - karate.env system property was:  
21:16:08.750 [main] DEBUG com.intuit.karate - request:
1 > GET http://dummy.restapiexample.com/api/v1/employee/3
1 > Accept-Encoding: gzip,deflate
1 > Connection: Keep-Alive
1 > Host: dummy.restapiexample.com
1 > User-Agent: Apache-HttpClient/4.5.11 (Java/1.8.0_151)

21:16:09.828 [main] DEBUG com.intuit.karate - response time in milliseconds: 1077.83
1 < 400
1 < Access-Control-Allow-Origin: *
1 < Access-Control-Expose-Headers: Content-Type, X-Requested-With, X-authentication, X-client
1 < Cache-Control: no-cache
1 < Content-Length: 75
1 < Content-Type: application/json;charset=utf-8
1 < Date: Thu, 07 May 2020 15:46:10 GMT
1 < Expires: Thu, 19 Nov 1981 08:52:00 GMT
1 < Host-Header: c2hhcmVkLmJsdWVob3N0LmNvbQ==
1 < Pragma: no-cache
1 < Referrer-Policy: 
1 < Response: 400
1 < Server: nginx/1.16.0
1 < Set-Cookie: [PHPSESSID=b724f1e84714decea86ff8f18bdf1028; path=/, ezoadgid_133674=-1; Path=/; Domain=restapiexample.com; Expires=Thu, 07 May 2020 16:16:09 UTC, ezoref_133674=; Path=/; Domain=restapiexample.com; Expires=Thu, 07 May 2020 17:46:09 UTC, ezoab_133674=mod1; Path=/; Domain=restapiexample.com; Expires=Thu, 07 May 2020 17:46:09 UTC, active_template::133674=pub_site.1588866369; Path=/; Domain=restapiexample.com; Expires=Sat, 09 May 2020 15:46:09 UTC]
1 < Vary: [Accept-Encoding, Accept-Encoding,User-Agent,X-APP-JSON]
1 < X-Ezoic-Cdn: Miss
1 < X-Middleton-Response: 400
1 < X-Sol: pub_site
{"status":"failed","message":"Oops! someting issue found to fetch record."}

21:16:09.843 [main] ERROR com.intuit.karate - status code was: 400, expected: 200, response time: 1078, url: http://dummy.restapiexample.com/api/v1/employee/3, response: {"message":"Oops! someting issue found to fetch record.","status":"failed"}
---------------------------------------------------------
feature: classpath:examples/users/employee.feature
scenarios:  2 | passed:  1 | failed:  1 | time: 4.2246
---------------------------------------------------------

HTML report: (paste into browser to view) | Karate version: 0.9.5
file:/C:/Users/user/IdeaProjects/karateDemo/target/surefire-reports/examples.users.employee.html
---------------------------------------------------------

]]></system-out>
  </testcase>
  <testcase name="testAll[1][3]" classname="examples.ExamplesTest" time="1.126">
    <failure message="employee.feature:17 - status code was: 400, expected: 200, response time: 1033, url: http://dummy.restapiexample.com/api/v1/employee/4, response: {&quot;message&quot;:&quot;Oops! someting issue found to fetch record.&quot;,&quot;status&quot;:&quot;failed&quot;}" type="org.opentest4j.AssertionFailedError">org.opentest4j.AssertionFailedError: employee.feature:17 - status code was: 400, expected: 200, response time: 1033, url: http://dummy.restapiexample.com/api/v1/employee/4, response: {"message":"Oops! someting issue found to fetch record.","status":"failed"}
</failure>
    <system-out><![CDATA[21:16:10.062 [main] INFO  com.intuit.karate - karate.env system property was:  
21:16:10.062 [main] DEBUG com.intuit.karate - request:
1 > GET http://dummy.restapiexample.com/api/v1/employee/4
1 > Accept-Encoding: gzip,deflate
1 > Connection: Keep-Alive
1 > Host: dummy.restapiexample.com
1 > User-Agent: Apache-HttpClient/4.5.11 (Java/1.8.0_151)

21:16:11.110 [main] DEBUG com.intuit.karate - response time in milliseconds: 1032.85
1 < 400
1 < Access-Control-Allow-Origin: *
1 < Access-Control-Expose-Headers: Content-Type, X-Requested-With, X-authentication, X-client
1 < Cache-Control: no-cache
1 < Content-Length: 75
1 < Content-Type: application/json;charset=utf-8
1 < Date: Thu, 07 May 2020 15:46:11 GMT
1 < Expires: Thu, 19 Nov 1981 08:52:00 GMT
1 < Host-Header: c2hhcmVkLmJsdWVob3N0LmNvbQ==
1 < Pragma: no-cache
1 < Referrer-Policy: 
1 < Response: 400
1 < Server: nginx/1.16.0
1 < Set-Cookie: [PHPSESSID=2613afc8c03e553680c28bf509a16b48; path=/, ezoadgid_133674=-1; Path=/; Domain=restapiexample.com; Expires=Thu, 07 May 2020 16:16:10 UTC, ezoref_133674=; Path=/; Domain=restapiexample.com; Expires=Thu, 07 May 2020 17:46:10 UTC, ezoab_133674=mod94; Path=/; Domain=restapiexample.com; Expires=Thu, 07 May 2020 17:46:10 UTC, active_template::133674=pub_site.1588866370; Path=/; Domain=restapiexample.com; Expires=Sat, 09 May 2020 15:46:10 UTC]
1 < Vary: [Accept-Encoding, Accept-Encoding,User-Agent,X-APP-JSON]
1 < X-Ezoic-Cdn: Miss
1 < X-Middleton-Response: 400
1 < X-Sol: pub_site
{"status":"failed","message":"Oops! someting issue found to fetch record."}

21:16:11.110 [main] ERROR com.intuit.karate - status code was: 400, expected: 200, response time: 1033, url: http://dummy.restapiexample.com/api/v1/employee/4, response: {"message":"Oops! someting issue found to fetch record.","status":"failed"}
---------------------------------------------------------
feature: classpath:examples/users/employee.feature
scenarios:  5 | passed:  2 | failed:  3 | time: 9.4895
---------------------------------------------------------

HTML report: (paste into browser to view) | Karate version: 0.9.5
file:/C:/Users/user/IdeaProjects/karateDemo/target/surefire-reports/examples.users.employee.html
---------------------------------------------------------

]]></system-out>
  </testcase>
  <testcase name="testAll[1][4]" classname="examples.ExamplesTest" time="2.094">
    <failure message="employee.feature:34 - status code was: 401, expected: 200, response time: 921, url: http://dummy.restapiexample.com/api/v1/employee/35, response: {&quot;data&quot;:&quot;Record does not found.&quot;,&quot;status&quot;:&quot;failed&quot;}" type="org.opentest4j.AssertionFailedError">org.opentest4j.AssertionFailedError: employee.feature:34 - status code was: 401, expected: 200, response time: 921, url: http://dummy.restapiexample.com/api/v1/employee/35, response: {"data":"Record does not found.","status":"failed"}
</failure>
    <system-out><![CDATA[21:16:11.172 [main] INFO  com.intuit.karate - karate.env system property was:  
21:16:11.188 [main] DEBUG com.intuit.karate - request:
1 > POST http://dummy.restapiexample.com/api/v1/create
1 > Accept-Encoding: gzip,deflate
1 > Connection: Keep-Alive
1 > Content-Length: 50
1 > Content-Type: application/json; charset=UTF-8
1 > Host: dummy.restapiexample.com
1 > User-Agent: Apache-HttpClient/4.5.11 (Java/1.8.0_151)
{"name":"testSession","salary":"25000","age":"45"}

21:16:12.235 [main] DEBUG com.intuit.karate - response time in milliseconds: 1037.06
1 < 200
1 < Access-Control-Allow-Origin: *
1 < Access-Control-Expose-Headers: Content-Type, X-Requested-With, X-authentication, X-client
1 < Cache-Control: no-store, no-cache, must-revalidate
1 < Content-Length: 86
1 < Content-Type: application/json;charset=utf-8
1 < Date: Thu, 07 May 2020 15:46:12 GMT
1 < Expires: Thu, 19 Nov 1981 08:52:00 GMT
1 < Host-Header: c2hhcmVkLmJsdWVob3N0LmNvbQ==
1 < Pragma: no-cache
1 < Referrer-Policy: 
1 < Response: 200
1 < Server: nginx/1.16.0
1 < Set-Cookie: [PHPSESSID=1b3ae2fa88b788066c0ae6655d09f7d0; path=/, ezoadgid_133674=-1; Path=/; Domain=restapiexample.com; Expires=Thu, 07 May 2020 16:16:11 UTC, ezoref_133674=; Path=/; Domain=restapiexample.com; Expires=Thu, 07 May 2020 17:46:11 UTC, ezoab_133674=mod1; Path=/; Domain=restapiexample.com; Expires=Thu, 07 May 2020 17:46:11 UTC, active_template::133674=pub_site.1588866371; Path=/; Domain=restapiexample.com; Expires=Sat, 09 May 2020 15:46:11 UTC]
1 < Vary: [Accept-Encoding, Accept-Encoding,X-APP-JSON]
1 < X-Ezoic-Cdn: Miss
1 < X-Middleton-Response: 200
1 < X-Sol: pub_site
{"status":"success","data":{"name":"testSession","salary":"25000","age":"45","id":35}}

21:16:12.266 [main] INFO  com.intuit.karate - [print] 35
21:16:12.266 [main] DEBUG com.intuit.karate - request:
2 > GET http://dummy.restapiexample.com/api/v1/employee/35
2 > Accept-Encoding: gzip,deflate
2 > Connection: Keep-Alive
2 > Cookie: PHPSESSID=1b3ae2fa88b788066c0ae6655d09f7d0; active_template::133674=pub_site.1588866371; ezoab_133674=mod1; ezoadgid_133674=-1; ezoref_133674=
2 > Host: dummy.restapiexample.com
2 > User-Agent: Apache-HttpClient/4.5.11 (Java/1.8.0_151)

21:16:13.188 [main] DEBUG com.intuit.karate - response time in milliseconds: 920.62
2 < 401
2 < Access-Control-Allow-Origin: *
2 < Access-Control-Expose-Headers: Content-Type, X-Requested-With, X-authentication, X-client
2 < Cache-Control: no-cache
2 < Content-Length: 51
2 < Content-Type: application/json;charset=utf-8
2 < Date: Thu, 07 May 2020 15:46:13 GMT
2 < Expires: Thu, 19 Nov 1981 08:52:00 GMT
2 < Host-Header: c2hhcmVkLmJsdWVob3N0LmNvbQ==
2 < Pragma: no-cache
2 < Referrer-Policy: 
2 < Response: 401
2 < Server: nginx/1.16.0
2 < Set-Cookie: [ezoab_133674=mod1; Path=/; Domain=restapiexample.com; Expires=Thu, 07 May 2020 16:16:13 UTC, ezoadgid_133674=-1; Path=/; Domain=restapiexample.com; Expires=Thu, 07 May 2020 16:16:13 UTC, ezoref_133674=; Path=/; Domain=restapiexample.com; Expires=Thu, 07 May 2020 17:46:13 UTC, active_template::133674=pub_site.1588866373; Path=/; Domain=restapiexample.com; Expires=Sat, 09 May 2020 15:46:13 UTC]
2 < Vary: [Accept-Encoding, User-Agent,Accept-Encoding,X-APP-JSON]
2 < X-Ezoic-Cdn: Miss
2 < X-Middleton-Response: 401
2 < X-Sol: pub_site
{"status":"failed","data":"Record does not found."}

21:16:13.188 [main] ERROR com.intuit.karate - status code was: 401, expected: 200, response time: 921, url: http://dummy.restapiexample.com/api/v1/employee/35, response: {"data":"Record does not found.","status":"failed"}
---------------------------------------------------------
feature: classpath:examples/users/employee.feature
scenarios:  9 | passed:  3 | failed:  6 | time: 16.7728
---------------------------------------------------------

HTML report: (paste into browser to view) | Karate version: 0.9.5
file:/C:/Users/user/IdeaProjects/karateDemo/target/surefire-reports/examples.users.employee.html
---------------------------------------------------------

]]></system-out>
  </testcase>
  <testcase name="testAll[1][5]" classname="examples.ExamplesTest" time="2.094">
    <failure message="employee.feature:46 - status code was: 401, expected: 200, response time: 969, url: http://dummy.restapiexample.com/api/v1/employee/98, response: {&quot;data&quot;:&quot;Record does not found.&quot;,&quot;status&quot;:&quot;failed&quot;}" type="org.opentest4j.AssertionFailedError">org.opentest4j.AssertionFailedError: employee.feature:46 - status code was: 401, expected: 200, response time: 969, url: http://dummy.restapiexample.com/api/v1/employee/98, response: {"data":"Record does not found.","status":"failed"}
</failure>
    <system-out><![CDATA[21:16:13.282 [main] INFO  com.intuit.karate - karate.env system property was:  
21:16:13.297 [main] DEBUG com.intuit.karate - request:
1 > POST http://dummy.restapiexample.com/api/v1/create
1 > Accept-Encoding: gzip,deflate
1 > Connection: Keep-Alive
1 > Content-Length: 50
1 > Content-Type: application/json; charset=UTF-8
1 > Host: dummy.restapiexample.com
1 > User-Agent: Apache-HttpClient/4.5.11 (Java/1.8.0_151)
{"name":"testSession","salary":"25000","age":"45"}

21:16:14.282 [main] DEBUG com.intuit.karate - response time in milliseconds: 994.76
1 < 200
1 < Access-Control-Allow-Origin: *
1 < Access-Control-Expose-Headers: Content-Type, X-Requested-With, X-authentication, X-client
1 < Cache-Control: no-store, no-cache, must-revalidate
1 < Content-Length: 86
1 < Content-Type: application/json;charset=utf-8
1 < Date: Thu, 07 May 2020 15:46:14 GMT
1 < Expires: Thu, 19 Nov 1981 08:52:00 GMT
1 < Host-Header: c2hhcmVkLmJsdWVob3N0LmNvbQ==
1 < Pragma: no-cache
1 < Referrer-Policy: 
1 < Response: 200
1 < Server: nginx/1.16.0
1 < Set-Cookie: [PHPSESSID=1bd27ef531239768336151c4b629e9c1; path=/, ezoadgid_133674=-1; Path=/; Domain=restapiexample.com; Expires=Thu, 07 May 2020 16:16:14 UTC, ezoref_133674=; Path=/; Domain=restapiexample.com; Expires=Thu, 07 May 2020 17:46:14 UTC, ezoab_133674=mod28-c; Path=/; Domain=restapiexample.com; Expires=Thu, 07 May 2020 17:46:14 UTC, active_template::133674=pub_site.1588866374; Path=/; Domain=restapiexample.com; Expires=Sat, 09 May 2020 15:46:14 UTC]
1 < Vary: [Accept-Encoding, Accept-Encoding,X-APP-JSON]
1 < X-Ezoic-Cdn: Miss
1 < X-Middleton-Response: 200
1 < X-Sol: pub_site
{"status":"success","data":{"name":"testSession","salary":"25000","age":"45","id":98}}

21:16:14.282 [main] INFO  com.intuit.karate - [print] 98
21:16:14.297 [main] DEBUG com.intuit.karate - request:
2 > GET http://dummy.restapiexample.com/api/v1/employee/98
2 > Accept-Encoding: gzip,deflate
2 > Connection: Keep-Alive
2 > Cookie: PHPSESSID=1bd27ef531239768336151c4b629e9c1; active_template::133674=pub_site.1588866374; ezoab_133674=mod28-c; ezoadgid_133674=-1; ezoref_133674=
2 > Host: dummy.restapiexample.com
2 > User-Agent: Apache-HttpClient/4.5.11 (Java/1.8.0_151)

21:16:15.266 [main] DEBUG com.intuit.karate - response time in milliseconds: 968.50
2 < 401
2 < Access-Control-Allow-Origin: *
2 < Access-Control-Expose-Headers: Content-Type, X-Requested-With, X-authentication, X-client
2 < Cache-Control: no-cache
2 < Content-Length: 51
2 < Content-Type: application/json;charset=utf-8
2 < Date: Thu, 07 May 2020 15:46:15 GMT
2 < Expires: Thu, 19 Nov 1981 08:52:00 GMT
2 < Host-Header: c2hhcmVkLmJsdWVob3N0LmNvbQ==
2 < Pragma: no-cache
2 < Referrer-Policy: 
2 < Response: 401
2 < Server: nginx/1.16.0
2 < Set-Cookie: [ezoab_133674=mod28-c; Path=/; Domain=restapiexample.com; Expires=Thu, 07 May 2020 16:16:15 UTC, ezoadgid_133674=-1; Path=/; Domain=restapiexample.com; Expires=Thu, 07 May 2020 16:16:15 UTC, ezoref_133674=; Path=/; Domain=restapiexample.com; Expires=Thu, 07 May 2020 17:46:15 UTC, active_template::133674=pub_site.1588866375; Path=/; Domain=restapiexample.com; Expires=Sat, 09 May 2020 15:46:15 UTC]
2 < Vary: [Accept-Encoding, User-Agent,Accept-Encoding,X-APP-JSON]
2 < X-Ezoic-Cdn: Miss
2 < X-Middleton-Response: 401
2 < X-Sol: pub_site
{"status":"failed","data":"Record does not found."}

21:16:15.266 [main] ERROR com.intuit.karate - status code was: 401, expected: 200, response time: 969, url: http://dummy.restapiexample.com/api/v1/employee/98, response: {"data":"Record does not found.","status":"failed"}
---------------------------------------------------------
feature: classpath:examples/users/employee.feature
scenarios: 14 | passed:  4 | failed: 10 | time: 26.0457
---------------------------------------------------------

HTML report: (paste into browser to view) | Karate version: 0.9.5
file:/C:/Users/user/IdeaProjects/karateDemo/target/surefire-reports/examples.users.employee.html
---------------------------------------------------------

]]></system-out>
  </testcase>
  <testcase name="testAll[2][1]" classname="examples.ExamplesTest" time="0.984"/>
  <testcase name="testAll[3][1]" classname="examples.ExamplesTest" time="1.696"/>
  <testcase name="testAll[3][2]" classname="examples.ExamplesTest" time="2.804"/>
</testsuite>